<?xml version="1.0" encoding="UTF-8"?>
<!-- Generated by org.testng.reporters.JUnitReportReporter -->
<testsuite hostname="TSLC1179" failures="0" tests="2" name="com.hcl.testcases.HomePageTest" time="3.643" errors="0" timestamp="2020-11-07T16:09:49 IST" skipped="0">
  <testcase classname="com.hcl.testcases.HomePageTest" name="homePageTitleTest" time="2.264"/>
  <system-out/>
  <testcase classname="com.hcl.testcases.HomePageTest" name="isLogoVisibleTest" time="1.379"/>
  <system-out/>
</testsuite> <!-- com.hcl.testcases.HomePageTest -->
