<?xml version="1.0" encoding="UTF-8"?>
<!-- Generated by org.testng.reporters.JUnitReportReporter -->
<testsuite hostname="TSLC1179" failures="0" tests="1" name="com.hcl.hacktohire.test.hcl.LaunchChrome" time="18.047" errors="0" timestamp="2020-11-06T23:48:58 IST" skipped="0">
  <testcase classname="com.hcl.hacktohire.test.hcl.LaunchChrome" name="testLaunchChrome" time="18.047"/>
  <system-out/>
</testsuite> <!-- com.hcl.hacktohire.test.hcl.LaunchChrome -->
